<?xml version="1.0" encoding="UTF-8"?>
<!-- Generated by org.testng.reporters.JUnitReportReporter -->
<testsuite hostname="SOUL_MACHINE" failures="0" tests="1" name="kent.Demo" time="20.227" errors="0" timestamp="2025-03-12T11:28:47 IST" skipped="0">
  <testcase classname="kent.Demo" name="mavencheck" time="20.227">
    <system-out>
      <![CDATA[mavencheck
BBB: The Sign of a Better Business | Better Business Bureau]]>
    </system-out>
  </testcase> <!-- mavencheck -->
  <system-out>
    <![CDATA[mavencheck
BBB: The Sign of a Better Business | Better Business Bureau]]>
  </system-out>
</testsuite> <!-- kent.Demo -->
